<?xml version="1.0" encoding="UTF-8"?>
<testng-results ignored="0" total="3" passed="3" failed="0" skipped="0">
  <reporter-output>
  </reporter-output>
  <suite started-at="2023-07-26T12:19:02 IST" name="Default suite" finished-at="2023-07-26T12:19:55 IST" duration-ms="52127">
    <groups>
    </groups>
    <test started-at="2023-07-26T12:19:02 IST" name="Default test" finished-at="2023-07-26T12:19:55 IST" duration-ms="52127">
      <class name="challenges.DynamicData">
        <test-method signature="learnToCreate()[pri:0, instance:challenges.DynamicData@342c38f8]" started-at="2023-07-26T12:19:03 IST" name="learnToCreate" finished-at="2023-07-26T12:19:27 IST" duration-ms="24775" status="PASS">
          <reporter-output>
          </reporter-output>
        </test-method> <!-- learnToCreate -->
        <test-method signature="learnToCreate()[pri:0, instance:challenges.DynamicData@342c38f8]" started-at="2023-07-26T12:19:03 IST" name="learnToCreate" finished-at="2023-07-26T12:19:29 IST" duration-ms="26475" status="PASS">
          <reporter-output>
          </reporter-output>
        </test-method> <!-- learnToCreate -->
        <test-method signature="learnToCreate()[pri:0, instance:challenges.DynamicData@342c38f8]" started-at="2023-07-26T12:19:27 IST" name="learnToCreate" finished-at="2023-07-26T12:19:55 IST" duration-ms="27286" status="PASS">
          <reporter-output>
          </reporter-output>
        </test-method> <!-- learnToCreate -->
      </class> <!-- challenges.DynamicData -->
    </test> <!-- Default test -->
  </suite> <!-- Default suite -->
</testng-results>
