<?xml version="1.0" encoding="UTF-8"?>
<testng-results ignored="0" total="2" passed="2" failed="0" skipped="0">
  <reporter-output>
  </reporter-output>
  <suite started-at="2023-07-19T11:53:42 IST" name="Suite" finished-at="2023-07-19T11:54:06 IST" duration-ms="23392">
    <groups>
    </groups>
    <test started-at="2023-07-19T11:53:42 IST" name="Test" finished-at="2023-07-19T11:54:06 IST" duration-ms="23392">
      <class name="testcase.TC_002">
        <test-method is-config="true" signature="preCondition()[pri:0, instance:testcase.TC_002@4d5650ae]" started-at="2023-07-19T11:53:51 IST" name="preCondition" finished-at="2023-07-19T11:53:55 IST" duration-ms="3368" status="PASS">
          <reporter-output>
          </reporter-output>
        </test-method> <!-- preCondition -->
        <test-method signature="CreateLead()[pri:0, instance:testcase.TC_002@4d5650ae]" started-at="2023-07-19T11:53:55 IST" name="CreateLead" finished-at="2023-07-19T11:54:05 IST" duration-ms="10443" status="PASS">
          <reporter-output>
          </reporter-output>
        </test-method> <!-- CreateLead -->
        <test-method is-config="true" signature="postCondition()[pri:0, instance:testcase.TC_002@4d5650ae]" started-at="2023-07-19T11:54:05 IST" name="postCondition" finished-at="2023-07-19T11:54:06 IST" duration-ms="308" status="PASS">
          <reporter-output>
          </reporter-output>
        </test-method> <!-- postCondition -->
      </class> <!-- testcase.TC_002 -->
      <class name="testcase.TC_001">
        <test-method is-config="true" signature="preCondition()[pri:0, instance:testcase.TC_001@31fa1761]" started-at="2023-07-19T11:53:42 IST" name="preCondition" finished-at="2023-07-19T11:53:47 IST" duration-ms="5217" status="PASS">
          <reporter-output>
          </reporter-output>
        </test-method> <!-- preCondition -->
        <test-method signature="loginData()[pri:0, instance:testcase.TC_001@31fa1761]" started-at="2023-07-19T11:53:47 IST" name="loginData" finished-at="2023-07-19T11:53:51 IST" duration-ms="3701" status="PASS">
          <reporter-output>
          </reporter-output>
        </test-method> <!-- loginData -->
        <test-method is-config="true" signature="postCondition()[pri:0, instance:testcase.TC_001@31fa1761]" started-at="2023-07-19T11:53:51 IST" name="postCondition" finished-at="2023-07-19T11:53:51 IST" duration-ms="294" status="PASS">
          <reporter-output>
          </reporter-output>
        </test-method> <!-- postCondition -->
      </class> <!-- testcase.TC_001 -->
    </test> <!-- Test -->
  </suite> <!-- Suite -->
</testng-results>
