<?xml version="1.0" encoding="UTF-8"?>
<!-- Generated by org.testng.reporters.JUnitXMLReporter -->
<testsuite ignored="0" hostname="TL1100" failures="0" tests="3" name="Default test" time="52.127" errors="0" timestamp="2023-07-26T12:19:55 IST">
  <testcase classname="challenges.DynamicData" name="learnToCreate" time="24.775"/>
  <testcase classname="challenges.DynamicData" name="learnToCreate" time="26.475"/>
  <testcase classname="challenges.DynamicData" name="learnToCreate" time="27.286"/>
</testsuite> <!-- Default test -->
